<?xml version="1.0" encoding="UTF-8"?>
<!-- Generated by org.testng.reporters.JUnitXMLReporter -->
<testsuite ignored="0" hostname="DESKTOP-1A5I486" failures="0" tests="4" name="Default test" time="75.122" errors="0" timestamp="2024-06-22T10:52:01 IST">
  <testcase classname="com.selenium.tests.LoginTest" name="loginWithValidCred" time="2.522"/>
  <testcase classname="com.selenium.tests.LoginTest" name="loginWithValidCred" time="1.757"/>
  <testcase classname="com.selenium.tests.LoginTest" name="loginWithValidCred" time="1.596"/>
  <testcase classname="com.selenium.tests.LoginTest" name="loginWithInvalidCred" time="1.612"/>
</testsuite> <!-- Default test -->
