<?xml version="1.0" encoding="UTF-8"?>
<!-- Generated by org.testng.reporters.JUnitXMLReporter -->
<testsuite ignored="0" hostname="DESKTOP-1A5I486" failures="0" tests="4" name="TestNew" time="83.829" errors="0" timestamp="2024-06-22T12:28:09 IST">
  <testcase classname="com.selenium.tests.LoginTest" name="loginWithValidCred" time="2.697"/>
  <testcase classname="com.selenium.tests.LoginTest" name="loginWithValidCred" time="2.388"/>
  <testcase classname="com.selenium.tests.LoginTest" name="loginWithValidCred" time="1.718"/>
  <testcase classname="com.selenium.tests.LoginTest" name="loginWithInvalidCred" time="2.772"/>
</testsuite> <!-- TestNew -->
